<?xml version="1.0" encoding="UTF-8"?>
<testng-results ignored="0" total="1" passed="1" failed="0" skipped="0">
  <reporter-output>
  </reporter-output>
  <suite started-at="2019-11-05T12:32:56Z" name="Default suite" finished-at="2019-11-05T12:32:56Z" duration-ms="332">
    <groups>
    </groups>
    <test started-at="2019-11-05T12:32:56Z" name="Default test" finished-at="2019-11-05T12:32:56Z" duration-ms="332">
      <class name="com.org.atmecs.dynamic.DynamicTestNG">
        <test-method signature="set()[pri:0, instance:com.org.atmecs.dynamic.DynamicTestNG@161b062a]" started-at="2019-11-05T12:32:56Z" name="set" finished-at="2019-11-05T12:32:56Z" duration-ms="300" status="PASS">
          <reporter-output>
          </reporter-output>
        </test-method> <!-- set -->
      </class> <!-- com.org.atmecs.dynamic.DynamicTestNG -->
    </test> <!-- Default test -->
  </suite> <!-- Default suite -->
</testng-results>
